04-06 13:20:09 com_github_MitjaNemec_ReplicateLayout.action_replicate_layout 409:Plugin executed on: 'linux'
04-06 13:20:09 com_github_MitjaNemec_ReplicateLayout.action_replicate_layout 410:Plugin executed with python version: '3.12.3 (main, Feb  4 2025, 14:48:35) [GCC 13.3.0]'
04-06 13:20:09 com_github_MitjaNemec_ReplicateLayout.action_replicate_layout 411:KiCad build version: 9.0.0-9.0.0-2~ubuntu24.04.1
04-06 13:20:09 com_github_MitjaNemec_ReplicateLayout.action_replicate_layout 412:Plugin version: 4.0.2
04-06 13:20:09 com_github_MitjaNemec_ReplicateLayout.action_replicate_layout 413:Frame repr: <wx._core.Frame object at 0x774122114b90>
04-06 13:20:09 com_github_MitjaNemec_ReplicateLayout.action_replicate_layout 437:Preparing replicator with U5 as a reference
04-06 13:20:09 com_github_MitjaNemec_ReplicateLayout.replicate_layout 117:getting a list of all footprints on board
04-06 13:20:09 com_github_MitjaNemec_ReplicateLayout.action_replicate_layout 485:source anchor footprint is 'U5'
Located on: ['/TPS61165_R/']
With filenames: ['LED-Driver-CC.kicad_sch']
With sheet_id:['/TPS61165_R/']
04-06 13:20:09 com_github_MitjaNemec_ReplicateLayout.action_replicate_layout 492:Corresponding footprints are 
[('U7', ['/TPS61165_G/']), ('U5', ['/TPS61165_R/'])]
04-06 13:20:09 com_github_MitjaNemec_ReplicateLayout.action_replicate_layout 504:Showing dialog
04-06 13:20:09 com_github_MitjaNemec_ReplicateLayout.replicate_layout 472:constructing a list of sheets suitable for replication on level:'/TPS61165_R/', file:'LED-Driver-CC.kicad_sch'
04-06 13:20:09 com_github_MitjaNemec_ReplicateLayout.replicate_layout 509:suitable sheets are:[['/TPS61165_G/']]
04-06 13:20:09 com_github_MitjaNemec_ReplicateLayout.replicate_layout 1507:Level selected: ['/TPS61165_R/']
04-06 13:20:09 com_github_MitjaNemec_ReplicateLayout.replicate_layout 1331:Filtering list of tracks
04-06 13:20:09 com_github_MitjaNemec_ReplicateLayout.action_replicate_layout 510:Toolbar position: wx.Point(1886, 128)
04-06 13:20:09 com_github_MitjaNemec_ReplicateLayout.action_replicate_layout 515:Dialog position: wx.Point(1447, 128)
04-06 13:20:19 com_github_MitjaNemec_ReplicateLayout.replicate_layout 472:constructing a list of sheets suitable for replication on level:'/TPS61165_R/', file:'LED-Driver-CC.kicad_sch'
04-06 13:20:19 com_github_MitjaNemec_ReplicateLayout.replicate_layout 509:suitable sheets are:[['/TPS61165_G/']]
04-06 13:20:19 com_github_MitjaNemec_ReplicateLayout.action_replicate_layout 248:Replicating layout
04-06 13:20:19 com_github_MitjaNemec_ReplicateLayout.replicate_layout 288:Starting replication of sheets: [['/TPS61165_G/']]
on level: ['/TPS61165_R/']
with tracks=True, zone=True, text=True, text=True, intersecting=False, remove=False, locked footprints=False, group_only=False
04-06 13:20:19 root 340:updating GUI message: 'Preparing for replication'
04-06 13:20:19 com_github_MitjaNemec_ReplicateLayout.replicate_layout 358:Getting the list of source footprints
04-06 13:20:19 root 345:updating GUI with: 0
04-06 13:20:19 com_github_MitjaNemec_ReplicateLayout.replicate_layout 368:Getting the list of all the remaining footprints
04-06 13:20:19 com_github_MitjaNemec_ReplicateLayout.replicate_layout 375:Getting source tracks
04-06 13:20:19 com_github_MitjaNemec_ReplicateLayout.replicate_layout 1331:Filtering list of tracks
04-06 13:20:19 com_github_MitjaNemec_ReplicateLayout.replicate_layout 379:Getting source zones
04-06 13:20:19 com_github_MitjaNemec_ReplicateLayout.replicate_layout 383:Getting source text items
04-06 13:20:19 com_github_MitjaNemec_ReplicateLayout.replicate_layout 387:Getting source drawing items
04-06 13:20:19 root 340:updating GUI message: 'Replicating footprints'
04-06 13:20:19 com_github_MitjaNemec_ReplicateLayout.replicate_layout 861:Replicating footprints
04-06 13:20:19 com_github_MitjaNemec_ReplicateLayout.replicate_layout 868:Replicating footprints on sheet ['/TPS61165_G/']
04-06 13:20:19 com_github_MitjaNemec_ReplicateLayout.replicate_layout 985:Src text UUid:00486be4-8eeb-45ea-9301-ed3629da1f0c
04-06 13:20:19 com_github_MitjaNemec_ReplicateLayout.replicate_layout 986:Dst text UUid:be94bcfa-6ccc-405c-a79a-d149e18fdf73
04-06 13:20:19 com_github_MitjaNemec_ReplicateLayout.replicate_layout 985:Src text UUid:98431378-8145-46e4-bd00-47cd52aec999
04-06 13:20:19 com_github_MitjaNemec_ReplicateLayout.replicate_layout 986:Dst text UUid:4158dd7d-ca88-45a0-b75f-c7374d3a1a38
04-06 13:20:19 com_github_MitjaNemec_ReplicateLayout.replicate_layout 985:Src text UUid:a02ff4f8-0956-499e-82d7-cb0d73c0fa81
04-06 13:20:19 com_github_MitjaNemec_ReplicateLayout.replicate_layout 986:Dst text UUid:de17e08b-7861-44e7-8c16-bafd1c75c759
04-06 13:20:19 com_github_MitjaNemec_ReplicateLayout.replicate_layout 985:Src text UUid:65b44c83-9e70-4ed6-9610-e92da776a495
04-06 13:20:19 com_github_MitjaNemec_ReplicateLayout.replicate_layout 986:Dst text UUid:09b042ff-b3da-40a4-8cfe-11c53f3a8f79
04-06 13:20:19 com_github_MitjaNemec_ReplicateLayout.replicate_layout 985:Src text UUid:4e573404-9550-44c3-83ef-533bd41e4a84
04-06 13:20:19 com_github_MitjaNemec_ReplicateLayout.replicate_layout 986:Dst text UUid:f65b622a-cd3f-4c06-bbc4-722f9aefb76a
04-06 13:20:19 com_github_MitjaNemec_ReplicateLayout.replicate_layout 985:Src text UUid:db014cc4-c3e8-4e8e-8f85-3aa2b89b3170
04-06 13:20:19 com_github_MitjaNemec_ReplicateLayout.replicate_layout 986:Dst text UUid:ad88ae48-531f-4a54-a14f-b538b17c39d8
04-06 13:20:19 com_github_MitjaNemec_ReplicateLayout.replicate_layout 985:Src text UUid:a3132924-142a-4b45-89e2-ace56a9d8c83
04-06 13:20:19 com_github_MitjaNemec_ReplicateLayout.replicate_layout 986:Dst text UUid:ff81e83d-88eb-487d-a20f-92eaa7c0b6f1
04-06 13:20:19 com_github_MitjaNemec_ReplicateLayout.replicate_layout 985:Src text UUid:53128834-37b0-40e0-9beb-df940a0b3e78
04-06 13:20:19 com_github_MitjaNemec_ReplicateLayout.replicate_layout 986:Dst text UUid:67a32b35-83b4-45e4-a098-7771895b9a63
04-06 13:20:19 com_github_MitjaNemec_ReplicateLayout.replicate_layout 985:Src text UUid:2c19816c-00d4-43f6-9954-bef22f51dbf1
04-06 13:20:19 com_github_MitjaNemec_ReplicateLayout.replicate_layout 986:Dst text UUid:c5b1c1c8-fbd8-4e06-85e9-14711fa66e73
04-06 13:20:19 com_github_MitjaNemec_ReplicateLayout.replicate_layout 985:Src text UUid:ca054455-40ea-450e-807d-5e66c212718b
04-06 13:20:19 com_github_MitjaNemec_ReplicateLayout.replicate_layout 986:Dst text UUid:aad03274-19ad-46fd-82e1-641e703f1f02
04-06 13:20:19 com_github_MitjaNemec_ReplicateLayout.replicate_layout 985:Src text UUid:12e71bdc-9856-4ab5-8089-61785ef329c2
04-06 13:20:19 com_github_MitjaNemec_ReplicateLayout.replicate_layout 986:Dst text UUid:7b5ae8b6-02a0-4d84-aa81-589925f89d19
04-06 13:20:19 com_github_MitjaNemec_ReplicateLayout.replicate_layout 985:Src text UUid:0a8cf188-e8c4-4fb6-94c4-f7eafe9e5104
04-06 13:20:19 com_github_MitjaNemec_ReplicateLayout.replicate_layout 986:Dst text UUid:05b9ade0-bc25-4c80-a301-a1be9657ec1f
04-06 13:20:19 com_github_MitjaNemec_ReplicateLayout.replicate_layout 985:Src text UUid:cc09f11e-ac13-464a-9c7c-98fc8551f27e
04-06 13:20:19 com_github_MitjaNemec_ReplicateLayout.replicate_layout 986:Dst text UUid:c058249d-4706-4dfd-b45a-b4aff17a535e
04-06 13:20:19 com_github_MitjaNemec_ReplicateLayout.replicate_layout 985:Src text UUid:d0869d86-0520-4317-8375-65d7fdddc5d0
04-06 13:20:19 com_github_MitjaNemec_ReplicateLayout.replicate_layout 986:Dst text UUid:c32eea4b-5bea-4d16-ba86-641a931b3e52
04-06 13:20:19 com_github_MitjaNemec_ReplicateLayout.replicate_layout 985:Src text UUid:ffb40de1-36e2-4be4-9ad5-5ecaf3aa98d1
04-06 13:20:19 com_github_MitjaNemec_ReplicateLayout.replicate_layout 986:Dst text UUid:b0ca0c15-424d-46c4-a0bd-6b0c2cbdfec4
04-06 13:20:19 com_github_MitjaNemec_ReplicateLayout.replicate_layout 985:Src text UUid:2de913c6-c604-4fa1-b35c-11ac97202b07
04-06 13:20:19 com_github_MitjaNemec_ReplicateLayout.replicate_layout 986:Dst text UUid:ea49219d-a8e5-4205-bd50-345dba21af4b
04-06 13:20:19 com_github_MitjaNemec_ReplicateLayout.replicate_layout 985:Src text UUid:cd77e685-f54d-4a78-8e3a-4853c679a69b
04-06 13:20:19 com_github_MitjaNemec_ReplicateLayout.replicate_layout 986:Dst text UUid:8b346368-d3c3-4c8d-8904-7e657c0a316c
04-06 13:20:19 com_github_MitjaNemec_ReplicateLayout.replicate_layout 985:Src text UUid:40ca6fb9-7945-4bd3-a770-88a94738947d
04-06 13:20:19 com_github_MitjaNemec_ReplicateLayout.replicate_layout 986:Dst text UUid:e0b54b93-8819-4310-838c-8a181edcef93
04-06 13:20:19 com_github_MitjaNemec_ReplicateLayout.replicate_layout 985:Src text UUid:7d2c126e-624b-4789-ad79-ff3db6d870ac
04-06 13:20:19 com_github_MitjaNemec_ReplicateLayout.replicate_layout 986:Dst text UUid:e397df2a-b481-4de4-8853-eafd54be0de9
04-06 13:20:19 com_github_MitjaNemec_ReplicateLayout.replicate_layout 985:Src text UUid:1c2567d9-8273-4581-8b9c-5b151995e40b
04-06 13:20:19 com_github_MitjaNemec_ReplicateLayout.replicate_layout 986:Dst text UUid:9fa4c811-93ed-4f73-8bf0-4fb3387a406a
04-06 13:20:19 com_github_MitjaNemec_ReplicateLayout.replicate_layout 985:Src text UUid:591b962c-6a4f-46a7-8b02-1b0da769de15
04-06 13:20:19 com_github_MitjaNemec_ReplicateLayout.replicate_layout 986:Dst text UUid:a53e844d-b04c-4409-a377-7252115eb442
04-06 13:20:19 root 340:updating GUI message: 'Replicating tracks'
04-06 13:20:19 com_github_MitjaNemec_ReplicateLayout.replicate_layout 1009:Replicating tracks
04-06 13:20:19 com_github_MitjaNemec_ReplicateLayout.replicate_layout 1015:Replicating tracks on sheet ['/TPS61165_G/']
04-06 13:20:19 com_github_MitjaNemec_ReplicateLayout.replicate_layout 776:Significant difference between src net: ['', 'Mcu-unit: STM32', 'PA0_LED_CTRL'] and dst net: ['', 'TPS61165_G', 'LED_DRV_CTRL'], with src_net_depth=3, dst_net_depth=3, src_fp_depth=1, dst_fp_depth=1, match level 0.67
04-06 13:20:19 com_github_MitjaNemec_ReplicateLayout.replicate_layout 792:Net pairs for sheet ['/TPS61165_G/'] :[('Net-(U5-COMP)', 'Net-(U7-COMP)'), ('+BATT', '+BATT'), ('/TPS61165_R/LEDA', '/TPS61165_G/LEDA'), ('GND', 'GND'), ('/Mcu-unit: STM32/PA0_LED_CTRL', '/TPS61165_G/LED_DRV_CTRL'), ('/TPS61165_R/LEDK', '/TPS61165_G/LEDK'), ('Net-(D1-A)', 'Net-(D2-A)')]
04-06 13:20:19 root 340:updating GUI message: 'Replicating zones'
04-06 13:20:19 com_github_MitjaNemec_ReplicateLayout.replicate_layout 1079:Replicating zones
04-06 13:20:19 com_github_MitjaNemec_ReplicateLayout.replicate_layout 1086:Replicating zones on sheet ['/TPS61165_G/']
04-06 13:20:19 com_github_MitjaNemec_ReplicateLayout.replicate_layout 776:Significant difference between src net: ['', 'Mcu-unit: STM32', 'PA0_LED_CTRL'] and dst net: ['', 'TPS61165_G', 'LED_DRV_CTRL'], with src_net_depth=3, dst_net_depth=3, src_fp_depth=1, dst_fp_depth=1, match level 0.67
04-06 13:20:19 com_github_MitjaNemec_ReplicateLayout.replicate_layout 792:Net pairs for sheet ['/TPS61165_G/'] :[('Net-(U5-COMP)', 'Net-(U7-COMP)'), ('+BATT', '+BATT'), ('/TPS61165_R/LEDA', '/TPS61165_G/LEDA'), ('GND', 'GND'), ('/Mcu-unit: STM32/PA0_LED_CTRL', '/TPS61165_G/LED_DRV_CTRL'), ('/TPS61165_R/LEDK', '/TPS61165_G/LEDK'), ('Net-(D1-A)', 'Net-(D2-A)')]
04-06 13:20:19 root 340:updating GUI message: 'Replicating text'
04-06 13:20:19 com_github_MitjaNemec_ReplicateLayout.replicate_layout 1168:Replicating text
04-06 13:20:19 com_github_MitjaNemec_ReplicateLayout.replicate_layout 1175:Replicating text on sheet ['/TPS61165_G/']
04-06 13:20:19 root 340:updating GUI message: 'Replicating drawings'
04-06 13:20:19 com_github_MitjaNemec_ReplicateLayout.replicate_layout 1219:Replicating drawings
04-06 13:20:19 com_github_MitjaNemec_ReplicateLayout.replicate_layout 1225:Replicating drawings on sheet ['/TPS61165_G/']
04-06 13:20:20 com_github_MitjaNemec_ReplicateLayout.action_replicate_layout 264:Replication complete
04-06 13:20:20 com_github_MitjaNemec_ReplicateLayout.action_replicate_layout 267:Letting the user know there are some issues with replicated design
04-06 13:20:20 com_github_MitjaNemec_ReplicateLayout.action_replicate_layout 271:Looks like the design has an exotic connectivity that the plugin might not handle properly
 Make sure that you check the connectivity around:
Footprint U7, pad 2

